0: 7
1: 9
2: 7
3: 9
4: 8
5: 7
6: 10
7: 7
8: 8
9: 8
10: 7
11: 8
12: 8
13: 8
14: 7
15: 10
16: 8
17: 8
18: 9
19: 6
20: 9
21: 7
22: 8
23: 8
24: 8
25: 9
26: 8
27: 8
28: 6
29: 10
30: 7
31: 8
32: 9
33: 7
34: 9
35: 8
36: 8
37: 7
38: 8
39: 8
40: 8
41: 8
42: 7
43: 9
44: 8
45: 8
46: 9
47: 7
48: 8
49: 8
50: 8
51: 7
52: 9
53: 9
54: 7
55: 9
56: 6
57: 9
58: 7
59: 8
60: 9
61: 8
62: 8
63: 8
64: 8
65: 6
66: 9
67: 8
68: 8
69: 9
70: 7
71: 8
72: 8
73: 8
74: 8
75: 8
76: 8
77: 8
78: 8
79: 7
80: 9
81: 8
82: 7
83: 10
84: 6
85: 8
86: 8
87: 9
88: 8
89: 9
90: 8
91: 7
92: 9
93: 6
94: 9
95: 8
96: 8
97: 10
98: 7
99: 8
100: 8
101: 8
102: 7
103: 9
104: 8
105: 7
106: 10
107: 7
108: 8
109: 9
110: 7
111: 9
112: 7
113: 8
114: 8
115: 9
116: 8
117: 9
118: 8
119: 6
120: 10
121: 6
122: 8
123: 8
124: 8
125: 9
126: 8
127: 8
